mode: set
be-cadidate-votes/services/v1/service/clear_candidates_srv.go:9.90,14.16 4 1
be-cadidate-votes/services/v1/service/clear_candidates_srv.go:19.2,19.62 1 1
be-cadidate-votes/services/v1/service/clear_candidates_srv.go:24.2,26.22 2 1
be-cadidate-votes/services/v1/service/clear_candidates_srv.go:14.16,17.3 2 1
be-cadidate-votes/services/v1/service/clear_candidates_srv.go:19.62,22.3 2 1
be-cadidate-votes/services/v1/service/clear_votes_srv.go:9.85,13.57 3 1
be-cadidate-votes/services/v1/service/clear_votes_srv.go:18.2,20.22 2 1
be-cadidate-votes/services/v1/service/clear_votes_srv.go:13.57,16.3 2 1
be-cadidate-votes/services/v1/service/register_user_srv.go:9.124,16.16 4 1
be-cadidate-votes/services/v1/service/register_user_srv.go:20.2,20.21 1 1
be-cadidate-votes/services/v1/service/register_user_srv.go:24.2,25.16 2 1
be-cadidate-votes/services/v1/service/register_user_srv.go:29.2,36.16 3 1
be-cadidate-votes/services/v1/service/register_user_srv.go:41.2,43.22 2 1
be-cadidate-votes/services/v1/service/register_user_srv.go:16.16,19.3 2 1
be-cadidate-votes/services/v1/service/register_user_srv.go:20.21,22.3 1 1
be-cadidate-votes/services/v1/service/register_user_srv.go:25.16,28.3 2 1
be-cadidate-votes/services/v1/service/register_user_srv.go:36.16,39.3 2 1
be-cadidate-votes/services/v1/service/srv.go:27.11,32.2 1 1
be-cadidate-votes/services/v1/service/vote_srv.go:9.103,14.16 4 1
be-cadidate-votes/services/v1/service/vote_srv.go:18.2,18.21 1 1
be-cadidate-votes/services/v1/service/vote_srv.go:22.2,25.16 2 1
be-cadidate-votes/services/v1/service/vote_srv.go:29.2,29.26 1 1
be-cadidate-votes/services/v1/service/vote_srv.go:33.2,39.16 3 1
be-cadidate-votes/services/v1/service/vote_srv.go:44.2,46.22 2 1
be-cadidate-votes/services/v1/service/vote_srv.go:14.16,17.3 2 1
be-cadidate-votes/services/v1/service/vote_srv.go:18.21,20.3 1 1
be-cadidate-votes/services/v1/service/vote_srv.go:25.16,28.3 2 1
be-cadidate-votes/services/v1/service/vote_srv.go:29.26,31.3 1 1
be-cadidate-votes/services/v1/service/vote_srv.go:39.16,42.3 2 1
be-cadidate-votes/services/v1/service/create_candidate_srv.go:9.125,17.16 4 1
be-cadidate-votes/services/v1/service/create_candidate_srv.go:22.2,24.22 2 1
be-cadidate-votes/services/v1/service/create_candidate_srv.go:17.16,20.3 2 1
be-cadidate-votes/services/v1/service/delete_candidate_srv.go:10.123,15.16 4 1
be-cadidate-votes/services/v1/service/delete_candidate_srv.go:19.2,19.26 1 1
be-cadidate-votes/services/v1/service/delete_candidate_srv.go:22.2,22.33 1 1
be-cadidate-votes/services/v1/service/delete_candidate_srv.go:26.2,31.17 2 1
be-cadidate-votes/services/v1/service/delete_candidate_srv.go:36.2,38.22 2 1
be-cadidate-votes/services/v1/service/delete_candidate_srv.go:15.16,18.3 2 1
be-cadidate-votes/services/v1/service/delete_candidate_srv.go:19.26,21.3 1 1
be-cadidate-votes/services/v1/service/delete_candidate_srv.go:22.33,24.3 1 1
be-cadidate-votes/services/v1/service/delete_candidate_srv.go:31.17,34.3 2 1
be-cadidate-votes/services/v1/service/list_candidate_srv.go:9.127,13.18 3 1
be-cadidate-votes/services/v1/service/list_candidate_srv.go:17.2,18.16 2 1
be-cadidate-votes/services/v1/service/list_candidate_srv.go:23.2,24.16 2 1
be-cadidate-votes/services/v1/service/list_candidate_srv.go:29.2,30.16 2 1
be-cadidate-votes/services/v1/service/list_candidate_srv.go:35.2,40.29 6 1
be-cadidate-votes/services/v1/service/list_candidate_srv.go:44.2,44.22 1 1
be-cadidate-votes/services/v1/service/list_candidate_srv.go:13.18,15.3 1 1
be-cadidate-votes/services/v1/service/list_candidate_srv.go:18.16,21.3 2 1
be-cadidate-votes/services/v1/service/list_candidate_srv.go:24.16,27.3 2 1
be-cadidate-votes/services/v1/service/list_candidate_srv.go:30.16,33.3 2 1
be-cadidate-votes/services/v1/service/list_candidate_srv.go:40.29,42.3 1 1
be-cadidate-votes/services/v1/service/login_srv.go:9.110,16.16 4 1
be-cadidate-votes/services/v1/service/login_srv.go:20.2,20.22 1 1
be-cadidate-votes/services/v1/service/login_srv.go:24.2,24.97 1 1
be-cadidate-votes/services/v1/service/login_srv.go:28.2,29.16 2 1
be-cadidate-votes/services/v1/service/login_srv.go:34.2,37.22 3 1
be-cadidate-votes/services/v1/service/login_srv.go:16.16,19.3 2 1
be-cadidate-votes/services/v1/service/login_srv.go:20.22,22.3 1 1
be-cadidate-votes/services/v1/service/login_srv.go:24.97,26.3 1 1
be-cadidate-votes/services/v1/service/login_srv.go:29.16,32.3 2 1
be-cadidate-votes/services/v1/service/update_candidate_srv.go:12.125,20.17 3 1
be-cadidate-votes/services/v1/service/update_candidate_srv.go:29.2,31.22 2 1
be-cadidate-votes/services/v1/service/update_candidate_srv.go:20.17,22.45 2 1
be-cadidate-votes/services/v1/service/update_candidate_srv.go:26.3,26.46 1 1
be-cadidate-votes/services/v1/service/update_candidate_srv.go:22.45,24.4 1 1
