mode: set
be-cadidate-votes/services/v1/service/login_srv.go:9.110,16.16 4 1
be-cadidate-votes/services/v1/service/login_srv.go:20.2,20.22 1 1
be-cadidate-votes/services/v1/service/login_srv.go:24.2,24.97 1 1
be-cadidate-votes/services/v1/service/login_srv.go:28.2,29.16 2 1
be-cadidate-votes/services/v1/service/login_srv.go:34.2,37.22 3 1
be-cadidate-votes/services/v1/service/login_srv.go:16.16,19.3 2 1
be-cadidate-votes/services/v1/service/login_srv.go:20.22,22.3 1 1
be-cadidate-votes/services/v1/service/login_srv.go:24.97,26.3 1 1
be-cadidate-votes/services/v1/service/login_srv.go:29.16,32.3 2 1
be-cadidate-votes/services/v1/service/register_user_srv.go:9.124,16.16 4 1
be-cadidate-votes/services/v1/service/register_user_srv.go:20.2,20.21 1 1
be-cadidate-votes/services/v1/service/register_user_srv.go:24.2,25.16 2 1
be-cadidate-votes/services/v1/service/register_user_srv.go:29.2,36.16 3 1
be-cadidate-votes/services/v1/service/register_user_srv.go:41.2,43.22 2 1
be-cadidate-votes/services/v1/service/register_user_srv.go:16.16,19.3 2 1
be-cadidate-votes/services/v1/service/register_user_srv.go:20.21,22.3 1 1
be-cadidate-votes/services/v1/service/register_user_srv.go:25.16,28.3 2 1
be-cadidate-votes/services/v1/service/register_user_srv.go:36.16,39.3 2 1
be-cadidate-votes/services/v1/service/srv.go:18.11,23.2 1 1
